# JRE version: Java(TM) SE Runtime Environment (8.0_144-b01) (build 1.8.0_144-b01)
# Java VM: Java HotSpot(TM) 64-Bit Server VM (25.144-b01 mixed mode windows-amd64 compressed oops)
Heap:
 PSYoungGen      total 23552K, used 19039K [0x00000000d9a00000, 0x00000000dbb80000, 0x0000000100000000)
  eden space 23040K, 82% used [0x00000000d9a00000,0x00000000dac7fcf0,0x00000000db080000)
  from space 512K, 18% used [0x00000000db080000,0x00000000db098000,0x00000000db100000)
  to   space 5632K, 0% used [0x00000000db600000,0x00000000db600000,0x00000000dbb80000)
 ParOldGen       total 39424K, used 12862K [0x000000008ce00000, 0x000000008f480000, 0x00000000d9a00000)
  object space 39424K, 32% used [0x000000008ce00000,0x000000008da8f888,0x000000008f480000)
 Metaspace       used 26760K, capacity 27318K, committed 27520K, reserved 1073152K
  class space    used 3514K, capacity 3639K, committed 3712K, reserved 1048576K
GC Heap History (10 events):
Event: 110.563 GC heap before
{Heap before GC invocations=30 (full 1):
 PSYoungGen      total 29696K, used 23136K [0x00000000d9a00000, 0x00000000dbe80000, 0x0000000100000000)
  eden space 23040K, 100% used [0x00000000d9a00000,0x00000000db080000,0x00000000db080000)
  from space 6656K, 1% used [0x00000000db800000,0x00000000db818000,0x00000000dbe80000)
  to   space 7168K, 0% used [0x00000000db080000,0x00000000db080000,0x00000000db780000)
 ParOldGen       total 39424K, used 12822K [0x000000008ce00000, 0x000000008f480000, 0x00000000d9a00000)
  object space 39424K, 32% used [0x000000008ce00000,0x000000008da85888,0x000000008f480000)
 Metaspace       used 26011K, capacity 26576K, committed 26624K, reserved 1073152K
  class space    used 3417K, capacity 3542K, committed 3584K, reserved 1048576K
Event: 110.567 GC heap after
Heap after GC invocations=30 (full 1):
 PSYoungGen      total 30208K, used 128K [0x00000000d9a00000, 0x00000000dbe80000, 0x0000000100000000)
  eden space 23040K, 0% used [0x00000000d9a00000,0x00000000d9a00000,0x00000000db080000)
  from space 7168K, 1% used [0x00000000db080000,0x00000000db0a0000,0x00000000db780000)
  to   space 7168K, 0% used [0x00000000db780000,0x00000000db780000,0x00000000dbe80000)
 ParOldGen       total 39424K, used 12838K [0x000000008ce00000, 0x000000008f480000, 0x00000000d9a00000)
  object space 39424K, 32% used [0x000000008ce00000,0x000000008da89888,0x000000008f480000)
 Metaspace       used 26011K, capacity 26576K, committed 26624K, reserved 1073152K
  class space    used 3417K, capacity 3542K, committed 3584K, reserved 1048576K
}
Event: 114.144 GC heap before
{Heap before GC invocations=31 (full 1):
 PSYoungGen      total 30208K, used 23168K [0x00000000d9a00000, 0x00000000dbe80000, 0x0000000100000000)
  eden space 23040K, 100% used [0x00000000d9a00000,0x00000000db080000,0x00000000db080000)
  from space 7168K, 1% used [0x00000000db080000,0x00000000db0a0000,0x00000000db780000)
  to   space 7168K, 0% used [0x00000000db780000,0x00000000db780000,0x00000000dbe80000)
 ParOldGen       total 39424K, used 12838K [0x000000008ce00000, 0x000000008f480000, 0x00000000d9a00000)
  object space 39424K, 32% used [0x000000008ce00000,0x000000008da89888,0x000000008f480000)
 Metaspace       used 26020K, capacity 26576K, committed 26624K, reserved 1073152K
  class space    used 3417K, capacity 3542K, committed 3584K, reserved 1048576K
Event: 114.147 GC heap after
Heap after GC invocations=31 (full 1):
 PSYoungGen      total 29184K, used 96K [0x00000000d9a00000, 0x00000000dbd80000, 0x0000000100000000)
  eden space 23040K, 0% used [0x00000000d9a00000,0x00000000d9a00000,0x00000000db080000)
  from space 6144K, 1% used [0x00000000db780000,0x00000000db798000,0x00000000dbd80000)
  to   space 6656K, 0% used [0x00000000db080000,0x00000000db080000,0x00000000db700000)
 ParOldGen       total 39424K, used 12846K [0x000000008ce00000, 0x000000008f480000, 0x00000000d9a00000)
  object space 39424K, 32% used [0x000000008ce00000,0x000000008da8b888,0x000000008f480000)
 Metaspace       used 26020K, capacity 26576K, committed 26624K, reserved 1073152K
  class space    used 3417K, capacity 3542K, committed 3584K, reserved 1048576K
}
Event: 117.449 GC heap before
{Heap before GC invocations=32 (full 1):
 PSYoungGen      total 29184K, used 23136K [0x00000000d9a00000, 0x00000000dbd80000, 0x0000000100000000)
  eden space 23040K, 100% used [0x00000000d9a00000,0x00000000db080000,0x00000000db080000)
  from space 6144K, 1% used [0x00000000db780000,0x00000000db798000,0x00000000dbd80000)
  to   space 6656K, 0% used [0x00000000db080000,0x00000000db080000,0x00000000db700000)
 ParOldGen       total 39424K, used 12846K [0x000000008ce00000, 0x000000008f480000, 0x00000000d9a00000)
  object space 39424K, 32% used [0x000000008ce00000,0x000000008da8b888,0x000000008f480000)
 Metaspace       used 26060K, capacity 26640K, committed 26880K, reserved 1073152K
  class space    used 3417K, capacity 3542K, committed 3584K, reserved 1048576K
Event: 117.453 GC heap after
Heap after GC invocations=32 (full 1):
 PSYoungGen      total 23552K, used 128K [0x00000000d9a00000, 0x00000000dbc80000, 0x0000000100000000)
  eden space 23040K, 0% used [0x00000000d9a00000,0x00000000d9a00000,0x00000000db080000)
  from space 512K, 25% used [0x00000000db080000,0x00000000db0a0000,0x00000000db100000)
  to   space 6144K, 0% used [0x00000000db680000,0x00000000db680000,0x00000000dbc80000)
 ParOldGen       total 39424K, used 12854K [0x000000008ce00000, 0x000000008f480000, 0x00000000d9a00000)
  object space 39424K, 32% used [0x000000008ce00000,0x000000008da8d888,0x000000008f480000)
 Metaspace       used 26060K, capacity 26640K, committed 26880K, reserved 1073152K
  class space    used 3417K, capacity 3542K, committed 3584K, reserved 1048576K
}
Event: 120.806 GC heap before
{Heap before GC invocations=33 (full 1):
 PSYoungGen      total 23552K, used 23168K [0x00000000d9a00000, 0x00000000dbc80000, 0x0000000100000000)
  eden space 23040K, 100% used [0x00000000d9a00000,0x00000000db080000,0x00000000db080000)
  from space 512K, 25% used [0x00000000db080000,0x00000000db0a0000,0x00000000db100000)
  to   space 6144K, 0% used [0x00000000db680000,0x00000000db680000,0x00000000dbc80000)
 ParOldGen       total 39424K, used 12854K [0x000000008ce00000, 0x000000008f480000, 0x00000000d9a00000)
  object space 39424K, 32% used [0x000000008ce00000,0x000000008da8d888,0x000000008f480000)
 Metaspace       used 26089K, capacity 26640K, committed 26880K, reserved 1073152K
  class space    used 3417K, capacity 3542K, committed 3584K, reserved 1048576K
Event: 120.811 GC heap after
Heap after GC invocations=33 (full 1):
 PSYoungGen      total 29184K, used 128K [0x00000000d9a00000, 0x00000000dbc80000, 0x0000000100000000)
  eden space 23040K, 0% used [0x00000000d9a00000,0x00000000d9a00000,0x00000000db080000)
  from space 6144K, 2% used [0x00000000db680000,0x00000000db6a0000,0x00000000dbc80000)
  to   space 6144K, 0% used [0x00000000db080000,0x00000000db080000,0x00000000db680000)
 ParOldGen       total 39424K, used 12862K [0x000000008ce00000, 0x000000008f480000, 0x00000000d9a00000)
  object space 39424K, 32% used [0x000000008ce00000,0x000000008da8f888,0x000000008f480000)
 Metaspace       used 26089K, capacity 26640K, committed 26880K, reserved 1073152K
  class space    used 3417K, capacity 3542K, committed 3584K, reserved 1048576K
}
Event: 124.173 GC heap before
{Heap before GC invocations=34 (full 1):
 PSYoungGen      total 29184K, used 23168K [0x00000000d9a00000, 0x00000000dbc80000, 0x0000000100000000)
  eden space 23040K, 100% used [0x00000000d9a00000,0x00000000db080000,0x00000000db080000)
  from space 6144K, 2% used [0x00000000db680000,0x00000000db6a0000,0x00000000dbc80000)
  to   space 6144K, 0% used [0x00000000db080000,0x00000000db080000,0x00000000db680000)
 ParOldGen       total 39424K, used 12862K [0x000000008ce00000, 0x000000008f480000, 0x00000000d9a00000)
  object space 39424K, 32% used [0x000000008ce00000,0x000000008da8f888,0x000000008f480000)
 Metaspace       used 26125K, capacity 26704K, committed 26880K, reserved 1073152K
  class space    used 3422K, capacity 3542K, committed 3584K, reserved 1048576K
Event: 124.175 GC heap after
Heap after GC invocations=34 (full 1):
 PSYoungGen      total 23552K, used 96K [0x00000000d9a00000, 0x00000000dbb80000, 0x0000000100000000)
  eden space 23040K, 0% used [0x00000000d9a00000,0x00000000d9a00000,0x00000000db080000)
  from space 512K, 18% used [0x00000000db080000,0x00000000db098000,0x00000000db100000)
  to   space 5632K, 0% used [0x00000000db600000,0x00000000db600000,0x00000000dbb80000)
 ParOldGen       total 39424K, used 12862K [0x000000008ce00000, 0x000000008f480000, 0x00000000d9a00000)
  object space 39424K, 32% used [0x000000008ce00000,0x000000008da8f888,0x000000008f480000)
 Metaspace       used 26125K, capacity 26704K, committed 26880K, reserved 1073152K
  class space    used 3422K, capacity 3542K, committed 3584K, reserved 1048576K
}

